<?xml version="1.0" encoding="UTF-8"?>
<!-- Generated by org.testng.reporters.JUnitReportReporter -->
<testsuite hostname="NEWNODE47" name="pkg1.Sample" tests="3" failures="0" timestamp="24 May 2018 13:16:24 GMT" time="0.006" errors="0">
  <testcase name="test3" time="0.001" classname="pkg1.Sample"/>
  <testcase name="test2" time="0.002" classname="pkg1.Sample"/>
  <testcase name="test1" time="0.003" classname="pkg1.Sample"/>
</testsuite> <!-- pkg1.Sample -->
